\BOOKMARK [0][-]{chapter.1}{\376\377\000A\000\040\000R\000e\000c\000a\000p\000\040\000o\000f\000\040\000U\000n\000d\000e\000r\000g\000r\000a\000d\000u\000a\000t\000e\000\040\000T\000o\000p\000o\000l\000o\000g\000y}{}% 1
\BOOKMARK [1][-]{section.1.1}{\376\377\000M\000e\000t\000r\000i\000c\000\040\000S\000p\000a\000c\000e\000s}{chapter.1}% 2
\BOOKMARK [2][-]{subsection.1.1.1}{\376\377\000C\000o\000n\000t\000i\000n\000u\000i\000t\000y\000\040\000o\000f\000\040\000F\000u\000n\000c\000t\000i\000o\000n\000s}{section.1.1}% 3
\BOOKMARK [2][-]{subsection.1.1.2}{\376\377\000S\000e\000q\000u\000e\000n\000c\000e\000s\000,\000\040\000C\000o\000n\000v\000e\000r\000g\000e\000n\000c\000e\000\040\000a\000n\000d\000\040\000U\000n\000i\000q\000u\000e\000n\000e\000s\000s\000\040\000o\000f\000\040\000L\000i\000m\000i\000t\000s}{section.1.1}% 4
\BOOKMARK [2][-]{subsection.1.1.3}{\376\377\000O\000p\000e\000n\000\040\000a\000n\000d\000\040\000C\000l\000o\000s\000e\000d\000\040\000S\000e\000t\000s}{section.1.1}% 5
\BOOKMARK [1][-]{section.1.2}{\376\377\000I\000n\000t\000r\000o\000d\000u\000c\000t\000i\000o\000n\000\040\000t\000o\000\040\000T\000o\000p\000o\000l\000o\000g\000i\000c\000a\000l\000\040\000S\000p\000a\000c\000e\000s}{chapter.1}% 6
\BOOKMARK [2][-]{subsection.1.2.1}{\376\377\000S\000e\000q\000u\000e\000n\000c\000e\000s\000,\000\040\000C\000o\000n\000v\000e\000r\000g\000e\000n\000c\000e\000\040\000a\000n\000d\000\040\000L\000i\000m\000i\000t\000s}{section.1.2}% 7
\BOOKMARK [2][-]{subsection.1.2.2}{\376\377\000C\000o\000n\000t\000i\000n\000u\000i\000t\000y}{section.1.2}% 8
\BOOKMARK [2][-]{subsection.1.2.3}{\376\377\000I\000n\000t\000e\000r\000i\000o\000r\000s\000\040\000a\000n\000d\000\040\000C\000l\000o\000s\000u\000r\000e\000s}{section.1.2}% 9
\BOOKMARK [1][-]{section.1.3}{\376\377\000A\000\040\000C\000l\000o\000s\000e\000r\000\040\000L\000o\000o\000k\000\040\000a\000t\000\040\000T\000o\000p\000o\000l\000o\000g\000i\000e\000s}{chapter.1}% 10
\BOOKMARK [2][-]{subsection.1.3.1}{\376\377\000B\000a\000s\000e\000s\000\040\000a\000n\000d\000\040\000S\000u\000b\000-\000B\000a\000s\000e\000s}{section.1.3}% 11
\BOOKMARK [2][-]{subsection.1.3.2}{\376\377\000N\000e\000w\000\040\000T\000o\000p\000o\000l\000o\000g\000i\000e\000s\000\040\000f\000r\000o\000m\000\040\000O\000l\000d\000\040\000O\000n\000e\000s}{section.1.3}% 12
\BOOKMARK [2][-]{subsection.1.3.3}{\376\377\000S\000e\000p\000a\000r\000a\000t\000i\000o\000n\000\040\000P\000r\000o\000p\000e\000r\000t\000i\000e\000s}{section.1.3}% 13
\BOOKMARK [2][-]{subsection.1.3.4}{\376\377\000N\000e\000i\000g\000h\000b\000o\000u\000r\000h\000o\000o\000d\000s\000\040\000a\000n\000d\000\040\000N\000e\000i\000g\000h\000b\000o\000u\000r\000h\000o\000o\000d\000\040\000B\000a\000s\000e\000s}{section.1.3}% 14
\BOOKMARK [1][-]{section.1.4}{\376\377\000C\000o\000n\000n\000e\000c\000t\000e\000d\000n\000e\000s\000s}{chapter.1}% 15
\BOOKMARK [2][-]{subsection.1.4.1}{\376\377\000C\000o\000n\000n\000e\000c\000t\000e\000d\000\040\000C\000o\000m\000p\000o\000n\000e\000n\000t\000s}{section.1.4}% 16
\BOOKMARK [2][-]{subsection.1.4.2}{\376\377\000P\000r\000e\000s\000e\000r\000v\000i\000n\000g\000\040\000C\000o\000n\000n\000e\000c\000t\000e\000d\000n\000e\000s\000s}{section.1.4}% 17
\BOOKMARK [0][-]{chapter.2}{\376\377\000A\000n\000o\000t\000h\000e\000r\000\040\000C\000h\000a\000p\000t\000e\000r}{}% 18
\BOOKMARK [1][-]{section.2.1}{\376\377\000I\000n\000t\000r\000o\000d\000u\000c\000i\000n\000g\000\040\000t\000h\000e\000\040\000M\000a\000i\000n\000\040\000O\000b\000j\000e\000c\000t\000\040\000o\000f\000\040\000S\000t\000u\000d\000y\000\040\000i\000n\000\040\000t\000h\000i\000s\000\040\000C\000h\000a\000p\000t\000e\000r}{chapter.2}% 19
\BOOKMARK [1][-]{section.2.2}{\376\377\000A\000n\000o\000t\000h\000e\000r\000\040\000S\000e\000c\000t\000i\000o\000n}{chapter.2}% 20
\BOOKMARK [0][-]{section.2.2}{\376\377\000B\000i\000b\000l\000i\000o\000g\000r\000a\000p\000h\000y}{}% 21
